{"C:\\Users\\dell latitude 7280\\Desktop\\To-Do-List-7\\src\\function.js": {"path":"C:\\Users\\dell latitude 7280\\Desktop\\To-Do-List-7\\src\\function.js","statementMap":{"0":{"start":{"line":3,"column":15},"end":{"line":3,"column":17}},"1":{"start":{"line":4,"column":16},"end":{"line":4,"column":21}},"2":{"start":{"line":5,"column":15},"end":{"line":5,"column":19}},"3":{"start":{"line":6,"column":13},"end":{"line":8,"column":1}},"4":{"start":{"line":7,"column":2},"end":{"line":7,"column":61}},"5":{"start":{"line":10,"column":16},"end":{"line":17,"column":1}},"6":{"start":{"line":11,"column":19},"end":{"line":11,"column":63}},"7":{"start":{"line":12,"column":2},"end":{"line":16,"column":3}},"8":{"start":{"line":13,"column":4},"end":{"line":13,"column":18}},"9":{"start":{"line":15,"column":4},"end":{"line":15,"column":24}},"10":{"start":{"line":18,"column":24},"end":{"line":26,"column":1}},"11":{"start":{"line":19,"column":2},"end":{"line":24,"column":5}},"12":{"start":{"line":20,"column":4},"end":{"line":22,"column":5}},"13":{"start":{"line":21,"column":6},"end":{"line":21,"column":57}},"14":{"start":{"line":23,"column":4},"end":{"line":23,"column":20}},"15":{"start":{"line":25,"column":2},"end":{"line":25,"column":9}},"16":{"start":{"line":28,"column":20},"end":{"line":91,"column":1}},"17":{"start":{"line":29,"column":22},"end":{"line":29,"column":59}},"18":{"start":{"line":30,"column":2},"end":{"line":30,"column":29}},"19":{"start":{"line":31,"column":2},"end":{"line":89,"column":3}},"20":{"start":{"line":31,"column":15},"end":{"line":31,"column":16}},"21":{"start":{"line":32,"column":24},"end":{"line":32,"column":52}},"22":{"start":{"line":33,"column":4},"end":{"line":33,"column":38}},"23":{"start":{"line":36,"column":24},"end":{"line":36,"column":53}},"24":{"start":{"line":37,"column":4},"end":{"line":37,"column":43}},"25":{"start":{"line":39,"column":21},"end":{"line":39,"column":52}},"26":{"start":{"line":40,"column":4},"end":{"line":40,"column":46}},"27":{"start":{"line":41,"column":4},"end":{"line":41,"column":46}},"28":{"start":{"line":42,"column":4},"end":{"line":42,"column":45}},"29":{"start":{"line":43,"column":4},"end":{"line":45,"column":7}},"30":{"start":{"line":44,"column":6},"end":{"line":44,"column":35}},"31":{"start":{"line":47,"column":17},"end":{"line":47,"column":44}},"32":{"start":{"line":48,"column":4},"end":{"line":48,"column":45}},"33":{"start":{"line":50,"column":4},"end":{"line":50,"column":38}},"34":{"start":{"line":51,"column":4},"end":{"line":51,"column":34}},"35":{"start":{"line":53,"column":23},"end":{"line":53,"column":52}},"36":{"start":{"line":54,"column":4},"end":{"line":54,"column":40}},"37":{"start":{"line":55,"column":19},"end":{"line":55,"column":51}},"38":{"start":{"line":56,"column":4},"end":{"line":56,"column":33}},"39":{"start":{"line":57,"column":4},"end":{"line":57,"column":33}},"40":{"start":{"line":58,"column":4},"end":{"line":58,"column":42}},"41":{"start":{"line":59,"column":4},"end":{"line":59,"column":52}},"42":{"start":{"line":60,"column":4},"end":{"line":62,"column":7}},"43":{"start":{"line":61,"column":6},"end":{"line":61,"column":28}},"44":{"start":{"line":64,"column":23},"end":{"line":64,"column":55}},"45":{"start":{"line":65,"column":4},"end":{"line":65,"column":39}},"46":{"start":{"line":66,"column":4},"end":{"line":66,"column":37}},"47":{"start":{"line":67,"column":4},"end":{"line":67,"column":46}},"48":{"start":{"line":68,"column":4},"end":{"line":68,"column":53}},"49":{"start":{"line":69,"column":4},"end":{"line":71,"column":7}},"50":{"start":{"line":70,"column":6},"end":{"line":70,"column":36}},"51":{"start":{"line":73,"column":23},"end":{"line":73,"column":55}},"52":{"start":{"line":74,"column":4},"end":{"line":74,"column":39}},"53":{"start":{"line":75,"column":4},"end":{"line":75,"column":46}},"54":{"start":{"line":76,"column":4},"end":{"line":76,"column":62}},"55":{"start":{"line":77,"column":4},"end":{"line":80,"column":7}},"56":{"start":{"line":78,"column":6},"end":{"line":78,"column":38}},"57":{"start":{"line":79,"column":6},"end":{"line":79,"column":42}},"58":{"start":{"line":82,"column":4},"end":{"line":82,"column":35}},"59":{"start":{"line":83,"column":4},"end":{"line":83,"column":39}},"60":{"start":{"line":84,"column":4},"end":{"line":84,"column":39}},"61":{"start":{"line":86,"column":4},"end":{"line":86,"column":41}},"62":{"start":{"line":87,"column":4},"end":{"line":87,"column":40}},"63":{"start":{"line":88,"column":4},"end":{"line":88,"column":41}},"64":{"start":{"line":90,"column":2},"end":{"line":90,"column":9}},"65":{"start":{"line":93,"column":16},"end":{"line":104,"column":1}},"66":{"start":{"line":94,"column":15},"end":{"line":94,"column":52}},"67":{"start":{"line":95,"column":2},"end":{"line":103,"column":3}},"68":{"start":{"line":96,"column":22},"end":{"line":96,"column":27}},"69":{"start":{"line":97,"column":24},"end":{"line":97,"column":34}},"70":{"start":{"line":98,"column":18},"end":{"line":98,"column":37}},"71":{"start":{"line":99,"column":4},"end":{"line":99,"column":53}},"72":{"start":{"line":100,"column":4},"end":{"line":100,"column":18}},"73":{"start":{"line":101,"column":4},"end":{"line":101,"column":11}},"74":{"start":{"line":102,"column":4},"end":{"line":102,"column":22}},"75":{"start":{"line":106,"column":17},"end":{"line":112,"column":1}},"76":{"start":{"line":107,"column":2},"end":{"line":107,"column":19}},"77":{"start":{"line":108,"column":2},"end":{"line":108,"column":18}},"78":{"start":{"line":109,"column":15},"end":{"line":109,"column":52}},"79":{"start":{"line":110,"column":2},"end":{"line":110,"column":32}},"80":{"start":{"line":111,"column":2},"end":{"line":111,"column":15}},"81":{"start":{"line":114,"column":17},"end":{"line":128,"column":1}},"82":{"start":{"line":115,"column":15},"end":{"line":115,"column":52}},"83":{"start":{"line":116,"column":2},"end":{"line":127,"column":3}},"84":{"start":{"line":117,"column":4},"end":{"line":121,"column":7}},"85":{"start":{"line":118,"column":6},"end":{"line":120,"column":7}},"86":{"start":{"line":119,"column":8},"end":{"line":119,"column":52}},"87":{"start":{"line":120,"column":8},"end":{"line":120,"column":20}},"88":{"start":{"line":122,"column":4},"end":{"line":122,"column":18}},"89":{"start":{"line":123,"column":4},"end":{"line":123,"column":11}},"90":{"start":{"line":124,"column":4},"end":{"line":124,"column":22}},"91":{"start":{"line":125,"column":4},"end":{"line":125,"column":22}},"92":{"start":{"line":126,"column":4},"end":{"line":126,"column":20}},"93":{"start":{"line":130,"column":19},"end":{"line":138,"column":1}},"94":{"start":{"line":131,"column":2},"end":{"line":131,"column":35}},"95":{"start":{"line":132,"column":2},"end":{"line":136,"column":4}},"96":{"start":{"line":134,"column":6},"end":{"line":134,"column":84}},"97":{"start":{"line":137,"column":2},"end":{"line":137,"column":16}},"98":{"start":{"line":140,"column":16},"end":{"line":140,"column":31}},"99":{"start":{"line":140,"column":22},"end":{"line":140,"column":31}},"100":{"start":{"line":142,"column":22},"end":{"line":150,"column":1}},"101":{"start":{"line":143,"column":28},"end":{"line":143,"column":69}},"102":{"start":{"line":143,"column":54},"end":{"line":143,"column":68}},"103":{"start":{"line":144,"column":2},"end":{"line":149,"column":3}},"104":{"start":{"line":145,"column":4},"end":{"line":148,"column":7}},"105":{"start":{"line":146,"column":6},"end":{"line":146,"column":29}},"106":{"start":{"line":147,"column":6},"end":{"line":147,"column":22}}},"fnMap":{"0":{"name":"(anonymous_0)","decl":{"start":{"line":6,"column":13},"end":{"line":6,"column":14}},"loc":{"start":{"line":6,"column":19},"end":{"line":8,"column":1}},"line":6},"1":{"name":"(anonymous_1)","decl":{"start":{"line":10,"column":16},"end":{"line":10,"column":17}},"loc":{"start":{"line":10,"column":22},"end":{"line":17,"column":1}},"line":10},"2":{"name":"(anonymous_2)","decl":{"start":{"line":18,"column":24},"end":{"line":18,"column":25}},"loc":{"start":{"line":18,"column":34},"end":{"line":26,"column":1}},"line":18},"3":{"name":"(anonymous_3)","decl":{"start":{"line":19,"column":26},"end":{"line":19,"column":27}},"loc":{"start":{"line":19,"column":40},"end":{"line":24,"column":3}},"line":19},"4":{"name":"(anonymous_4)","decl":{"start":{"line":28,"column":20},"end":{"line":28,"column":21}},"loc":{"start":{"line":28,"column":26},"end":{"line":91,"column":1}},"line":28},"5":{"name":"(anonymous_5)","decl":{"start":{"line":43,"column":40},"end":{"line":43,"column":41}},"loc":{"start":{"line":43,"column":46},"end":{"line":45,"column":5}},"line":43},"6":{"name":"(anonymous_6)","decl":{"start":{"line":60,"column":37},"end":{"line":60,"column":38}},"loc":{"start":{"line":60,"column":43},"end":{"line":62,"column":5}},"line":60},"7":{"name":"(anonymous_7)","decl":{"start":{"line":69,"column":41},"end":{"line":69,"column":42}},"loc":{"start":{"line":69,"column":47},"end":{"line":71,"column":5}},"line":69},"8":{"name":"(anonymous_8)","decl":{"start":{"line":77,"column":41},"end":{"line":77,"column":42}},"loc":{"start":{"line":77,"column":47},"end":{"line":80,"column":5}},"line":77},"9":{"name":"(anonymous_9)","decl":{"start":{"line":93,"column":16},"end":{"line":93,"column":17}},"loc":{"start":{"line":93,"column":22},"end":{"line":104,"column":1}},"line":93},"10":{"name":"(anonymous_10)","decl":{"start":{"line":106,"column":17},"end":{"line":106,"column":18}},"loc":{"start":{"line":106,"column":27},"end":{"line":112,"column":1}},"line":106},"11":{"name":"(anonymous_11)","decl":{"start":{"line":114,"column":17},"end":{"line":114,"column":18}},"loc":{"start":{"line":114,"column":23},"end":{"line":128,"column":1}},"line":114},"12":{"name":"(anonymous_12)","decl":{"start":{"line":117,"column":28},"end":{"line":117,"column":29}},"loc":{"start":{"line":117,"column":38},"end":{"line":121,"column":5}},"line":117},"13":{"name":"(anonymous_13)","decl":{"start":{"line":130,"column":19},"end":{"line":130,"column":20}},"loc":{"start":{"line":130,"column":31},"end":{"line":138,"column":1}},"line":130},"14":{"name":"(anonymous_14)","decl":{"start":{"line":133,"column":4},"end":{"line":133,"column":5}},"loc":{"start":{"line":134,"column":6},"end":{"line":134,"column":84}},"line":134},"15":{"name":"(anonymous_15)","decl":{"start":{"line":140,"column":16},"end":{"line":140,"column":17}},"loc":{"start":{"line":140,"column":22},"end":{"line":140,"column":31}},"line":140},"16":{"name":"(anonymous_16)","decl":{"start":{"line":142,"column":22},"end":{"line":142,"column":23}},"loc":{"start":{"line":142,"column":28},"end":{"line":150,"column":1}},"line":142},"17":{"name":"(anonymous_17)","decl":{"start":{"line":143,"column":44},"end":{"line":143,"column":45}},"loc":{"start":{"line":143,"column":54},"end":{"line":143,"column":68}},"line":143},"18":{"name":"(anonymous_18)","decl":{"start":{"line":145,"column":30},"end":{"line":145,"column":31}},"loc":{"start":{"line":145,"column":40},"end":{"line":148,"column":5}},"line":145}},"branchMap":{"0":{"loc":{"start":{"line":12,"column":2},"end":{"line":16,"column":3}},"type":"if","locations":[{"start":{"line":12,"column":2},"end":{"line":16,"column":3}},{"start":{"line":14,"column":9},"end":{"line":16,"column":3}}],"line":12},"1":{"loc":{"start":{"line":20,"column":4},"end":{"line":22,"column":5}},"type":"if","locations":[{"start":{"line":20,"column":4},"end":{"line":22,"column":5}},{"start":{},"end":{}}],"line":20},"2":{"loc":{"start":{"line":95,"column":2},"end":{"line":103,"column":3}},"type":"if","locations":[{"start":{"line":95,"column":2},"end":{"line":103,"column":3}},{"start":{},"end":{}}],"line":95},"3":{"loc":{"start":{"line":116,"column":2},"end":{"line":127,"column":3}},"type":"if","locations":[{"start":{"line":116,"column":2},"end":{"line":127,"column":3}},{"start":{},"end":{}}],"line":116},"4":{"loc":{"start":{"line":118,"column":6},"end":{"line":120,"column":7}},"type":"if","locations":[{"start":{"line":118,"column":6},"end":{"line":120,"column":7}},{"start":{},"end":{}}],"line":118},"5":{"loc":{"start":{"line":144,"column":2},"end":{"line":149,"column":3}},"type":"if","locations":[{"start":{"line":144,"column":2},"end":{"line":149,"column":3}},{"start":{},"end":{}}],"line":144}},"s":{"0":1,"1":1,"2":1,"3":1,"4":1,"5":1,"6":0,"7":0,"8":0,"9":0,"10":1,"11":0,"12":0,"13":0,"14":0,"15":0,"16":1,"17":1,"18":1,"19":1,"20":1,"21":0,"22":0,"23":0,"24":0,"25":0,"26":0,"27":0,"28":0,"29":0,"30":0,"31":0,"32":0,"33":0,"34":0,"35":0,"36":0,"37":0,"38":0,"39":0,"40":0,"41":0,"42":0,"43":0,"44":0,"45":0,"46":0,"47":0,"48":0,"49":0,"50":0,"51":0,"52":0,"53":0,"54":0,"55":0,"56":0,"57":0,"58":0,"59":0,"60":0,"61":0,"62":0,"63":0,"64":1,"65":1,"66":0,"67":0,"68":0,"69":0,"70":0,"71":0,"72":0,"73":0,"74":0,"75":1,"76":0,"77":0,"78":0,"79":0,"80":0,"81":1,"82":0,"83":0,"84":0,"85":0,"86":0,"87":0,"88":0,"89":0,"90":0,"91":0,"92":0,"93":1,"94":1,"95":1,"96":0,"97":1,"98":1,"99":0,"100":1,"101":0,"102":0,"103":0,"104":0,"105":0,"106":0},"f":{"0":1,"1":0,"2":0,"3":0,"4":1,"5":0,"6":0,"7":0,"8":0,"9":0,"10":0,"11":0,"12":0,"13":1,"14":0,"15":0,"16":0,"17":0,"18":0},"b":{"0":[0,0],"1":[0,0],"2":[0,0],"3":[0,0],"4":[0,0],"5":[0,0]},"_coverageSchema":"1a1c01bbd47fc00a2c39e90264f33305004495a9","hash":"7c8869f8f142f4692c794670b51f85c70bd73762"}
}
